0 info it worked if it ends with ok
1 verbose cli [ '/home/andrew/.nvm/versions/node/v6.8.1/bin/node',
1 verbose cli   '/home/andrew/.nvm/versions/node/v6.8.1/bin/npm',
1 verbose cli   'run',
1 verbose cli   'test' ]
2 info using npm@3.10.8
3 info using node@v6.8.1
4 verbose run-script [ 'pretest', 'test', 'posttest' ]
5 info lifecycle expapp@1.0.0~pretest: expapp@1.0.0
6 silly lifecycle expapp@1.0.0~pretest: no script for pretest, continuing
7 info lifecycle expapp@1.0.0~test: expapp@1.0.0
8 verbose lifecycle expapp@1.0.0~test: unsafe-perm in lifecycle true
9 verbose lifecycle expapp@1.0.0~test: PATH: /home/andrew/.nvm/versions/node/v6.8.1/lib/node_modules/npm/bin/node-gyp-bin:/home/andrew/MEGAsync/ToDoApp/node_modules/.bin:/home/andrew/.nvm/versions/node/v6.8.1/bin:/home/andrew/bin:/home/andrew/.local/bin:/usr/local/sbin:/usr/local/bin:/usr/sbin:/usr/bin:/sbin:/bin:/usr/games:/usr/local/games:/snap/bin
10 verbose lifecycle expapp@1.0.0~test: CWD: /home/andrew/MEGAsync/ToDoApp
11 silly lifecycle expapp@1.0.0~test: Args: [ '-c', 'NODE_ENV=test karma start' ]
12 silly lifecycle expapp@1.0.0~test: Returned: code: 1  signal: null
13 info lifecycle expapp@1.0.0~test: Failed to exec test script
14 verbose stack Error: expapp@1.0.0 test: `NODE_ENV=test karma start`
14 verbose stack Exit status 1
14 verbose stack     at EventEmitter.<anonymous> (/home/andrew/.nvm/versions/node/v6.8.1/lib/node_modules/npm/lib/utils/lifecycle.js:255:16)
14 verbose stack     at emitTwo (events.js:106:13)
14 verbose stack     at EventEmitter.emit (events.js:191:7)
14 verbose stack     at ChildProcess.<anonymous> (/home/andrew/.nvm/versions/node/v6.8.1/lib/node_modules/npm/lib/utils/spawn.js:40:14)
14 verbose stack     at emitTwo (events.js:106:13)
14 verbose stack     at ChildProcess.emit (events.js:191:7)
14 verbose stack     at maybeClose (internal/child_process.js:877:16)
14 verbose stack     at Process.ChildProcess._handle.onexit (internal/child_process.js:226:5)
15 verbose pkgid expapp@1.0.0
16 verbose cwd /home/andrew/MEGAsync/ToDoApp
17 error Linux 4.8.0-26-generic
18 error argv "/home/andrew/.nvm/versions/node/v6.8.1/bin/node" "/home/andrew/.nvm/versions/node/v6.8.1/bin/npm" "run" "test"
19 error node v6.8.1
20 error npm  v3.10.8
21 error code ELIFECYCLE
22 error expapp@1.0.0 test: `NODE_ENV=test karma start`
22 error Exit status 1
23 error Failed at the expapp@1.0.0 test script 'NODE_ENV=test karma start'.
23 error Make sure you have the latest version of node.js and npm installed.
23 error If you do, this is most likely a problem with the expapp package,
23 error not with npm itself.
23 error Tell the author that this fails on your system:
23 error     NODE_ENV=test karma start
23 error You can get information on how to open an issue for this project with:
23 error     npm bugs expapp
23 error Or if that isn't available, you can get their info via:
23 error     npm owner ls expapp
23 error There is likely additional logging output above.
24 verbose exit [ 1, true ]
